#
# A fatal error has been detected by the Java Runtime Environment:
#
#  Internal Error (./open/src/hotspot/share/interpreter/oopMapCache.cpp:111), pid=15676, tid=23436
#  Error: ShouldNotReachHere()
#
# JRE version: Java(TM) SE Runtime Environment (15.0.2+7) (build 15.0.2+7-27)
# Java VM: Java HotSpot(TM) 64-Bit Server VM (15.0.2+7-27, mixed mode, sharing, tiered, compressed oops, g1 gc, windows-amd64)
# No core dump will be written. Minidumps are not enabled by default on client versions of Windows
#
# If you would like to submit a bug report, please visit:
#   https://bugreport.java.com/bugreport/crash.jsp
#

---------------  S U M M A R Y ------------

Command Line: -agentlib:jdwp=transport=dt_socket,address=127.0.0.1:53192,suspend=y,server=n -ea -Didea.test.cyclic.buffer.size=1048576 -javaagent:C:\Users\Chikki\AppData\Local\JetBrains\IntelliJIdea2020.3\captureAgent\debugger-agent.jar -Dfile.encoding=UTF-8 com.intellij.rt.testng.RemoteTestNGStarter -usedefaultlisteners false -socket53191 @w@C:\Users\Chikki\AppData\Local\Temp\idea_working_dirs_testng1.tmp -temp C:\Users\Chikki\AppData\Local\Temp\idea_testng1.tmp

Host: Intel(R) Core(TM) i5-1035G1 CPU @ 1.00GHz, 8 cores, 11G,  Windows 10 , 64 bit Build 19041 (10.0.19041.804)
Time: Fri Feb 19 15:44:56 2021 Central Standard Time elapsed time: 976.799911 seconds (0d 0h 16m 16s)

---------------  T H R E A D  ---------------

Current thread (0x0000025e99ab8f80):  JavaThread "JDWP Transport Listener: dt_socket" daemon [_thread_in_vm, id=23436, stack(0x0000006b41500000,0x0000006b41600000)] _threads_hazard_ptr=0x0000025e9aa599e0

Stack: [0x0000006b41500000,0x0000006b41600000]
Native frames: (J=compiled Java code, j=interpreted, Vv=VM code, C=native code)
V  [jvm.dll+0x62ae9a]
V  [jvm.dll+0x7817a9]
V  [jvm.dll+0x782f03]
V  [jvm.dll+0x783517]
V  [jvm.dll+0x21628c]
V  [jvm.dll+0x2161d3]
V  [jvm.dll+0x619eea]
V  [jvm.dll+0x619ba3]
V  [jvm.dll+0x5df278]
V  [jvm.dll+0x77876f]
V  [jvm.dll+0x4f02e1]
V  [jvm.dll+0x7882b5]
V  [jvm.dll+0x4d40ea]
V  [jvm.dll+0x49526b]
C  [jdwp.dll+0x796b]


---------------  P R O C E S S  ---------------

Threads class SMR info:
_java_thread_list=0x0000025e9aa599e0, length=21, elements={
0x0000025ef7f31fd0, 0x0000025effdb0690, 0x0000025effdb3180, 0x0000025effdc84a0,
0x0000025effdc9e70, 0x0000025effdca830, 0x0000025effdce440, 0x0000025effdcfe00,
0x0000025effddbc10, 0x0000025effd96e00, 0x0000025e99ab8f80, 0x0000025e99ae79f0,
0x0000025e99ae8270, 0x0000025e99e50a60, 0x0000025e9a95ed60, 0x0000025e9a985ea0,
0x0000025e9aa4eb90, 0x0000025e9a958820, 0x0000025e9aa67e60, 0x0000025e9ab1ece0,
0x0000025e9ab14640
}

Java Threads: ( => current thread )
  0x0000025ef7f31fd0 JavaThread "main" [_thread_blocked, id=5416, stack(0x0000006b40500000,0x0000006b40600000)]
  0x0000025effdb0690 JavaThread "Reference Handler" daemon [_thread_blocked, id=2892, stack(0x0000006b40c00000,0x0000006b40d00000)]
  0x0000025effdb3180 JavaThread "Finalizer" daemon [_thread_blocked, id=8, stack(0x0000006b40d00000,0x0000006b40e00000)]
  0x0000025effdc84a0 JavaThread "Signal Dispatcher" daemon [_thread_blocked, id=144, stack(0x0000006b40e00000,0x0000006b40f00000)]
  0x0000025effdc9e70 JavaThread "Attach Listener" daemon [_thread_blocked, id=24648, stack(0x0000006b40f00000,0x0000006b41000000)]
  0x0000025effdca830 JavaThread "Service Thread" daemon [_thread_blocked, id=22128, stack(0x0000006b41000000,0x0000006b41100000)]
  0x0000025effdce440 JavaThread "C2 CompilerThread0" daemon [_thread_blocked, id=17480, stack(0x0000006b41100000,0x0000006b41200000)]
  0x0000025effdcfe00 JavaThread "C1 CompilerThread0" daemon [_thread_blocked, id=20696, stack(0x0000006b41200000,0x0000006b41300000)]
  0x0000025effddbc10 JavaThread "Sweeper thread" daemon [_thread_blocked, id=14008, stack(0x0000006b41300000,0x0000006b41400000)]
  0x0000025effd96e00 JavaThread "Common-Cleaner" daemon [_thread_blocked, id=10020, stack(0x0000006b41400000,0x0000006b41500000)]
=>0x0000025e99ab8f80 JavaThread "JDWP Transport Listener: dt_socket" daemon [_thread_in_vm, id=23436, stack(0x0000006b41500000,0x0000006b41600000)] _threads_hazard_ptr=0x0000025e9aa599e0
  0x0000025e99ae79f0 JavaThread "JDWP Event Helper Thread" daemon [_thread_blocked, id=26580, stack(0x0000006b41600000,0x0000006b41700000)]
  0x0000025e99ae8270 JavaThread "JDWP Command Reader" daemon [_thread_in_native, id=15900, stack(0x0000006b41700000,0x0000006b41800000)]
  0x0000025e99e50a60 JavaThread "Notification Thread" daemon [_thread_blocked, id=19428, stack(0x0000006b41900000,0x0000006b41a00000)]
  0x0000025e9a95ed60 JavaThread "Exec Default Executor" daemon [_thread_in_native, id=14724, stack(0x0000006b41e00000,0x0000006b41f00000)]
  0x0000025e9a985ea0 JavaThread "Exec Stream Pumper" daemon [_thread_in_native, id=24208, stack(0x0000006b41f00000,0x0000006b42000000)]
  0x0000025e9aa4eb90 JavaThread "Exec Stream Pumper" daemon [_thread_in_native, id=15632, stack(0x0000006b42000000,0x0000006b42100000)]
  0x0000025e9a958820 JavaThread "UrlChecker-2" daemon [_thread_blocked, id=26288, stack(0x0000006b42100000,0x0000006b42200000)]
  0x0000025e9aa67e60 JavaThread "Keep-Alive-Timer" daemon [_thread_blocked, id=17388, stack(0x0000006b42300000,0x0000006b42400000)]
  0x0000025e9ab1ece0 JavaThread "OkHttp ConnectionPool" daemon [_thread_blocked, id=20312, stack(0x0000006b42400000,0x0000006b42500000)]
  0x0000025e9ab14640 JavaThread "Okio Watchdog" daemon [_thread_blocked, id=20212, stack(0x0000006b42500000,0x0000006b42600000)]

Other Threads:
  0x0000025effdaef00 VMThread "VM Thread" [stack: 0x0000006b40b00000,0x0000006b40c00000] [id=19512]
  0x0000025ef7f33010 WatcherThread [stack: 0x0000006b41a00000,0x0000006b41b00000] [id=23984]
  0x0000025ef7f74400 GCTaskThread "GC Thread#0" [stack: 0x0000006b40600000,0x0000006b40700000] [id=21372]
  0x0000025e9a360e10 GCTaskThread "GC Thread#1" [stack: 0x0000006b41800000,0x0000006b41900000] [id=1952]
  0x0000025e9a35fe20 GCTaskThread "GC Thread#2" [stack: 0x0000006b41b00000,0x0000006b41c00000] [id=21220]
  0x0000025e9a35e7d0 GCTaskThread "GC Thread#3" [stack: 0x0000006b41c00000,0x0000006b41d00000] [id=16816]
  0x0000025ef7f810f0 ConcurrentGCThread "G1 Main Marker" [stack: 0x0000006b40700000,0x0000006b40800000] [id=19000]
  0x0000025ef7f81bf0 ConcurrentGCThread "G1 Conc#0" [stack: 0x0000006b40800000,0x0000006b40900000] [id=7056]
  0x0000025effc300a0 ConcurrentGCThread "G1 Refine#0" [stack: 0x0000006b40900000,0x0000006b40a00000] [id=9668]
  0x0000025effc30bb0 ConcurrentGCThread "G1 Young RemSet Sampling" [stack: 0x0000006b40a00000,0x0000006b40b00000] [id=13916]

Threads with active compile tasks:

VM state: not at safepoint (normal execution)

VM Mutex/Monitor currently owned by a thread: None

Heap address: 0x0000000743600000, size: 3018 MB, Compressed Oops mode: Zero based, Oop shift amount: 3
CDS archive(s) mapped at: [0x0000000800000000-0x0000000800b50000-0x0000000800b50000), size 11862016, SharedBaseAddress: 0x0000000800000000, ArchiveRelocationMode: 0.
Compressed class space mapped at: 0x0000000800b50000-0x0000000840b50000, size: 1073741824
Narrow klass base: 0x0000000800000000, Narrow klass shift: 3, Narrow klass range: 0x100000000

GC Precious Log:
 CPUs: 8 total, 8 available
 Memory: 12065M
 Large Page Support: Disabled
 NUMA Support: Disabled
 Compressed Oops: Enabled (Zero based)
 Heap Region Size: 2M
 Heap Min Capacity: 8M
 Heap Initial Capacity: 190M
 Heap Max Capacity: 3018M
 Pre-touch: Disabled
 Parallel Workers: 8
 Concurrent Workers: 2
 Concurrent Refinement Workers: 8
 Periodic GC: Disabled

Heap:
 garbage-first heap   total 194560K, used 9069K [0x0000000743600000, 0x0000000800000000)
  region size 2048K, 4 young (8192K), 2 survivors (4096K)
 Metaspace       used 14181K, capacity 14430K, committed 14592K, reserved 1062912K
  class space    used 1629K, capacity 1690K, committed 1792K, reserved 1048576K

Heap Regions: E=young(eden), S=young(survivor), O=old, HS=humongous(starts), HC=humongous(continues), CS=collection set, F=free, OA=open archive, CA=closed archive, TAMS=top-at-mark-start (previous, next)
|   0|0x0000000743600000, 0x0000000743800000, 0x0000000743800000|100%| O|  |TAMS 0x0000000743600000, 0x0000000743600000| Untracked 
|   1|0x0000000743800000, 0x0000000743a00000, 0x0000000743a00000|100%| O|  |TAMS 0x0000000743800000, 0x0000000743800000| Untracked 
|   2|0x0000000743a00000, 0x0000000743a02a00, 0x0000000743c00000|  0%| O|  |TAMS 0x0000000743a00000, 0x0000000743a00000| Untracked 
|   3|0x0000000743c00000, 0x0000000743c00000, 0x0000000743e00000|  0%| F|  |TAMS 0x0000000743c00000, 0x0000000743c00000| Untracked 
|   4|0x0000000743e00000, 0x0000000743e00000, 0x0000000744000000|  0%| F|  |TAMS 0x0000000743e00000, 0x0000000743e00000| Untracked 
|   5|0x0000000744000000, 0x0000000744000000, 0x0000000744200000|  0%| F|  |TAMS 0x0000000744000000, 0x0000000744000000| Untracked 
|   6|0x0000000744200000, 0x0000000744200000, 0x0000000744400000|  0%| F|  |TAMS 0x0000000744200000, 0x0000000744200000| Untracked 
|   7|0x0000000744400000, 0x0000000744400000, 0x0000000744600000|  0%| F|  |TAMS 0x0000000744400000, 0x0000000744400000| Untracked 
|   8|0x0000000744600000, 0x0000000744600000, 0x0000000744800000|  0%| F|  |TAMS 0x0000000744600000, 0x0000000744600000| Untracked 
|   9|0x0000000744800000, 0x0000000744800000, 0x0000000744a00000|  0%| F|  |TAMS 0x0000000744800000, 0x0000000744800000| Untracked 
|  10|0x0000000744a00000, 0x0000000744a00000, 0x0000000744c00000|  0%| F|  |TAMS 0x0000000744a00000, 0x0000000744a00000| Untracked 
|  11|0x0000000744c00000, 0x0000000744c00000, 0x0000000744e00000|  0%| F|  |TAMS 0x0000000744c00000, 0x0000000744c00000| Untracked 
|  12|0x0000000744e00000, 0x0000000744e00000, 0x0000000745000000|  0%| F|  |TAMS 0x0000000744e00000, 0x0000000744e00000| Untracked 
|  13|0x0000000745000000, 0x0000000745000000, 0x0000000745200000|  0%| F|  |TAMS 0x0000000745000000, 0x0000000745000000| Untracked 
|  14|0x0000000745200000, 0x0000000745200000, 0x0000000745400000|  0%| F|  |TAMS 0x0000000745200000, 0x0000000745200000| Untracked 
|  15|0x0000000745400000, 0x0000000745400000, 0x0000000745600000|  0%| F|  |TAMS 0x0000000745400000, 0x0000000745400000| Untracked 
|  16|0x0000000745600000, 0x0000000745600000, 0x0000000745800000|  0%| F|  |TAMS 0x0000000745600000, 0x0000000745600000| Untracked 
|  17|0x0000000745800000, 0x0000000745800000, 0x0000000745a00000|  0%| F|  |TAMS 0x0000000745800000, 0x0000000745800000| Untracked 
|  18|0x0000000745a00000, 0x0000000745a00000, 0x0000000745c00000|  0%| F|  |TAMS 0x0000000745a00000, 0x0000000745a00000| Untracked 
|  19|0x0000000745c00000, 0x0000000745c00000, 0x0000000745e00000|  0%| F|  |TAMS 0x0000000745c00000, 0x0000000745c00000| Untracked 
|  20|0x0000000745e00000, 0x0000000745e00000, 0x0000000746000000|  0%| F|  |TAMS 0x0000000745e00000, 0x0000000745e00000| Untracked 
|  21|0x0000000746000000, 0x0000000746000000, 0x0000000746200000|  0%| F|  |TAMS 0x0000000746000000, 0x0000000746000000| Untracked 
|  22|0x0000000746200000, 0x0000000746200000, 0x0000000746400000|  0%| F|  |TAMS 0x0000000746200000, 0x0000000746200000| Untracked 
|  23|0x0000000746400000, 0x0000000746400000, 0x0000000746600000|  0%| F|  |TAMS 0x0000000746400000, 0x0000000746400000| Untracked 
|  24|0x0000000746600000, 0x0000000746600000, 0x0000000746800000|  0%| F|  |TAMS 0x0000000746600000, 0x0000000746600000| Untracked 
|  25|0x0000000746800000, 0x0000000746800000, 0x0000000746a00000|  0%| F|  |TAMS 0x0000000746800000, 0x0000000746800000| Untracked 
|  26|0x0000000746a00000, 0x0000000746a00000, 0x0000000746c00000|  0%| F|  |TAMS 0x0000000746a00000, 0x0000000746a00000| Untracked 
|  27|0x0000000746c00000, 0x0000000746c00000, 0x0000000746e00000|  0%| F|  |TAMS 0x0000000746c00000, 0x0000000746c00000| Untracked 
|  28|0x0000000746e00000, 0x0000000746e00000, 0x0000000747000000|  0%| F|  |TAMS 0x0000000746e00000, 0x0000000746e00000| Untracked 
|  29|0x0000000747000000, 0x0000000747000000, 0x0000000747200000|  0%| F|  |TAMS 0x0000000747000000, 0x0000000747000000| Untracked 
|  30|0x0000000747200000, 0x0000000747200000, 0x0000000747400000|  0%| F|  |TAMS 0x0000000747200000, 0x0000000747200000| Untracked 
|  31|0x0000000747400000, 0x0000000747400000, 0x0000000747600000|  0%| F|  |TAMS 0x0000000747400000, 0x0000000747400000| Untracked 
|  32|0x0000000747600000, 0x0000000747600000, 0x0000000747800000|  0%| F|  |TAMS 0x0000000747600000, 0x0000000747600000| Untracked 
|  33|0x0000000747800000, 0x0000000747800000, 0x0000000747a00000|  0%| F|  |TAMS 0x0000000747800000, 0x0000000747800000| Untracked 
|  34|0x0000000747a00000, 0x0000000747a00000, 0x0000000747c00000|  0%| F|  |TAMS 0x0000000747a00000, 0x0000000747a00000| Untracked 
|  35|0x0000000747c00000, 0x0000000747c00000, 0x0000000747e00000|  0%| F|  |TAMS 0x0000000747c00000, 0x0000000747c00000| Untracked 
|  36|0x0000000747e00000, 0x0000000747e00000, 0x0000000748000000|  0%| F|  |TAMS 0x0000000747e00000, 0x0000000747e00000| Untracked 
|  37|0x0000000748000000, 0x0000000748000000, 0x0000000748200000|  0%| F|  |TAMS 0x0000000748000000, 0x0000000748000000| Untracked 
|  38|0x0000000748200000, 0x0000000748200000, 0x0000000748400000|  0%| F|  |TAMS 0x0000000748200000, 0x0000000748200000| Untracked 
|  39|0x0000000748400000, 0x0000000748400000, 0x0000000748600000|  0%| F|  |TAMS 0x0000000748400000, 0x0000000748400000| Untracked 
|  40|0x0000000748600000, 0x0000000748600000, 0x0000000748800000|  0%| F|  |TAMS 0x0000000748600000, 0x0000000748600000| Untracked 
|  41|0x0000000748800000, 0x0000000748800000, 0x0000000748a00000|  0%| F|  |TAMS 0x0000000748800000, 0x0000000748800000| Untracked 
|  42|0x0000000748a00000, 0x0000000748a00000, 0x0000000748c00000|  0%| F|  |TAMS 0x0000000748a00000, 0x0000000748a00000| Untracked 
|  43|0x0000000748c00000, 0x0000000748c00000, 0x0000000748e00000|  0%| F|  |TAMS 0x0000000748c00000, 0x0000000748c00000| Untracked 
|  44|0x0000000748e00000, 0x0000000748e00000, 0x0000000749000000|  0%| F|  |TAMS 0x0000000748e00000, 0x0000000748e00000| Untracked 
|  45|0x0000000749000000, 0x0000000749000000, 0x0000000749200000|  0%| F|  |TAMS 0x0000000749000000, 0x0000000749000000| Untracked 
|  46|0x0000000749200000, 0x0000000749200000, 0x0000000749400000|  0%| F|  |TAMS 0x0000000749200000, 0x0000000749200000| Untracked 
|  47|0x0000000749400000, 0x0000000749400000, 0x0000000749600000|  0%| F|  |TAMS 0x0000000749400000, 0x0000000749400000| Untracked 
|  48|0x0000000749600000, 0x0000000749600000, 0x0000000749800000|  0%| F|  |TAMS 0x0000000749600000, 0x0000000749600000| Untracked 
|  49|0x0000000749800000, 0x0000000749800000, 0x0000000749a00000|  0%| F|  |TAMS 0x0000000749800000, 0x0000000749800000| Untracked 
|  50|0x0000000749a00000, 0x0000000749a00000, 0x0000000749c00000|  0%| F|  |TAMS 0x0000000749a00000, 0x0000000749a00000| Untracked 
|  51|0x0000000749c00000, 0x0000000749c00000, 0x0000000749e00000|  0%| F|  |TAMS 0x0000000749c00000, 0x0000000749c00000| Untracked 
|  52|0x0000000749e00000, 0x0000000749e00000, 0x000000074a000000|  0%| F|  |TAMS 0x0000000749e00000, 0x0000000749e00000| Untracked 
|  53|0x000000074a000000, 0x000000074a000000, 0x000000074a200000|  0%| F|  |TAMS 0x000000074a000000, 0x000000074a000000| Untracked 
|  54|0x000000074a200000, 0x000000074a200000, 0x000000074a400000|  0%| F|  |TAMS 0x000000074a200000, 0x000000074a200000| Untracked 
|  55|0x000000074a400000, 0x000000074a400000, 0x000000074a600000|  0%| F|  |TAMS 0x000000074a400000, 0x000000074a400000| Untracked 
|  56|0x000000074a600000, 0x000000074a600000, 0x000000074a800000|  0%| F|  |TAMS 0x000000074a600000, 0x000000074a600000| Untracked 
|  57|0x000000074a800000, 0x000000074a800000, 0x000000074aa00000|  0%| F|  |TAMS 0x000000074a800000, 0x000000074a800000| Untracked 
|  58|0x000000074aa00000, 0x000000074aa00000, 0x000000074ac00000|  0%| F|  |TAMS 0x000000074aa00000, 0x000000074aa00000| Untracked 
|  59|0x000000074ac00000, 0x000000074ac00000, 0x000000074ae00000|  0%| F|  |TAMS 0x000000074ac00000, 0x000000074ac00000| Untracked 
|  60|0x000000074ae00000, 0x000000074ae00000, 0x000000074b000000|  0%| F|  |TAMS 0x000000074ae00000, 0x000000074ae00000| Untracked 
|  61|0x000000074b000000, 0x000000074b000000, 0x000000074b200000|  0%| F|  |TAMS 0x000000074b000000, 0x000000074b000000| Untracked 
|  62|0x000000074b200000, 0x000000074b200000, 0x000000074b400000|  0%| F|  |TAMS 0x000000074b200000, 0x000000074b200000| Untracked 
|  63|0x000000074b400000, 0x000000074b400000, 0x000000074b600000|  0%| F|  |TAMS 0x000000074b400000, 0x000000074b400000| Untracked 
|  64|0x000000074b600000, 0x000000074b600000, 0x000000074b800000|  0%| F|  |TAMS 0x000000074b600000, 0x000000074b600000| Untracked 
|  65|0x000000074b800000, 0x000000074b800000, 0x000000074ba00000|  0%| F|  |TAMS 0x000000074b800000, 0x000000074b800000| Untracked 
|  66|0x000000074ba00000, 0x000000074ba00000, 0x000000074bc00000|  0%| F|  |TAMS 0x000000074ba00000, 0x000000074ba00000| Untracked 
|  67|0x000000074bc00000, 0x000000074bc00000, 0x000000074be00000|  0%| F|  |TAMS 0x000000074bc00000, 0x000000074bc00000| Untracked 
|  68|0x000000074be00000, 0x000000074be00000, 0x000000074c000000|  0%| F|  |TAMS 0x000000074be00000, 0x000000074be00000| Untracked 
|  69|0x000000074c000000, 0x000000074c000000, 0x000000074c200000|  0%| F|  |TAMS 0x000000074c000000, 0x000000074c000000| Untracked 
|  70|0x000000074c200000, 0x000000074c200000, 0x000000074c400000|  0%| F|  |TAMS 0x000000074c200000, 0x000000074c200000| Untracked 
|  71|0x000000074c400000, 0x000000074c400000, 0x000000074c600000|  0%| F|  |TAMS 0x000000074c400000, 0x000000074c400000| Untracked 
|  72|0x000000074c600000, 0x000000074c600000, 0x000000074c800000|  0%| F|  |TAMS 0x000000074c600000, 0x000000074c600000| Untracked 
|  73|0x000000074c800000, 0x000000074c800000, 0x000000074ca00000|  0%| F|  |TAMS 0x000000074c800000, 0x000000074c800000| Untracked 
|  74|0x000000074ca00000, 0x000000074ca00000, 0x000000074cc00000|  0%| F|  |TAMS 0x000000074ca00000, 0x000000074ca00000| Untracked 
|  75|0x000000074cc00000, 0x000000074cc00000, 0x000000074ce00000|  0%| F|  |TAMS 0x000000074cc00000, 0x000000074cc00000| Untracked 
|  76|0x000000074ce00000, 0x000000074ce00000, 0x000000074d000000|  0%| F|  |TAMS 0x000000074ce00000, 0x000000074ce00000| Untracked 
|  77|0x000000074d000000, 0x000000074d0d8dd0, 0x000000074d200000| 42%| S|CS|TAMS 0x000000074d000000, 0x000000074d000000| Complete 
|  78|0x000000074d200000, 0x000000074d400000, 0x000000074d400000|100%| S|CS|TAMS 0x000000074d200000, 0x000000074d200000| Complete 
|  79|0x000000074d400000, 0x000000074d400000, 0x000000074d600000|  0%| F|  |TAMS 0x000000074d400000, 0x000000074d400000| Untracked 
|  80|0x000000074d600000, 0x000000074d600000, 0x000000074d800000|  0%| F|  |TAMS 0x000000074d600000, 0x000000074d600000| Untracked 
|  81|0x000000074d800000, 0x000000074d800000, 0x000000074da00000|  0%| F|  |TAMS 0x000000074d800000, 0x000000074d800000| Untracked 
|  82|0x000000074da00000, 0x000000074da00000, 0x000000074dc00000|  0%| F|  |TAMS 0x000000074da00000, 0x000000074da00000| Untracked 
|  83|0x000000074dc00000, 0x000000074dc00000, 0x000000074de00000|  0%| F|  |TAMS 0x000000074dc00000, 0x000000074dc00000| Untracked 
|  84|0x000000074de00000, 0x000000074de00000, 0x000000074e000000|  0%| F|  |TAMS 0x000000074de00000, 0x000000074de00000| Untracked 
|  85|0x000000074e000000, 0x000000074e000000, 0x000000074e200000|  0%| F|  |TAMS 0x000000074e000000, 0x000000074e000000| Untracked 
|  86|0x000000074e200000, 0x000000074e200000, 0x000000074e400000|  0%| F|  |TAMS 0x000000074e200000, 0x000000074e200000| Untracked 
|  87|0x000000074e400000, 0x000000074e400000, 0x000000074e600000|  0%| F|  |TAMS 0x000000074e400000, 0x000000074e400000| Untracked 
|  88|0x000000074e600000, 0x000000074e600000, 0x000000074e800000|  0%| F|  |TAMS 0x000000074e600000, 0x000000074e600000| Untracked 
|  89|0x000000074e800000, 0x000000074e800000, 0x000000074ea00000|  0%| F|  |TAMS 0x000000074e800000, 0x000000074e800000| Untracked 
|  90|0x000000074ea00000, 0x000000074ea00000, 0x000000074ec00000|  0%| F|  |TAMS 0x000000074ea00000, 0x000000074ea00000| Untracked 
|  91|0x000000074ec00000, 0x000000074ec00000, 0x000000074ee00000|  0%| F|  |TAMS 0x000000074ec00000, 0x000000074ec00000| Untracked 
|  92|0x000000074ee00000, 0x000000074ee00000, 0x000000074f000000|  0%| F|  |TAMS 0x000000074ee00000, 0x000000074ee00000| Untracked 
|  93|0x000000074f000000, 0x000000074f0f6c58, 0x000000074f200000| 48%| E|  |TAMS 0x000000074f000000, 0x000000074f000000| Complete 
|  94|0x000000074f200000, 0x000000074f400000, 0x000000074f400000|100%| E|CS|TAMS 0x000000074f200000, 0x000000074f200000| Complete 

Card table byte_map: [0x0000025ef8920000,0x0000025ef8f10000] _byte_map_base: 0x0000025ef4f05000

Marking Bits (Prev, Next): (CMBitMap*) 0x0000025ef7f74b00, (CMBitMap*) 0x0000025ef7f74b40
 Prev Bits: [0x0000025ef9500000, 0x0000025efc428000)
 Next Bits: [0x0000025efc430000, 0x0000025eff358000)

Polling page: 0x0000025ef5eb0000

Metaspace:

Usage:
  Non-class:     12.44 MB capacity,    12.26 MB ( 99%) used,   170.48 KB (  1%) free+waste,    17.56 KB ( <1%) overhead. 
      Class:      1.65 MB capacity,     1.59 MB ( 96%) used,    53.01 KB (  3%) free+waste,     7.31 KB ( <1%) overhead. 
       Both:     14.09 MB capacity,    13.85 MB ( 98%) used,   223.48 KB (  2%) free+waste,    24.88 KB ( <1%) overhead. 

Virtual space:
  Non-class space:       14.00 MB reserved,      12.50 MB ( 89%) committed 
      Class space:        1.00 GB reserved,       1.75 MB ( <1%) committed 
             Both:        1.01 GB reserved,      14.25 MB (  1%) committed 

Chunk freelists:
   Non-Class:  60.00 KB
       Class:  6.00 KB
        Both:  66.00 KB

MaxMetaspaceSize: 17179869184.00 GB
CompressedClassSpaceSize: 1.00 GB

CodeHeap 'non-profiled nmethods': size=120000Kb used=654Kb max_used=654Kb free=119345Kb
 bounds [0x0000025e8fc30000, 0x0000025e8fea0000, 0x0000025e97160000]
CodeHeap 'profiled nmethods': size=120000Kb used=3331Kb max_used=3331Kb free=116669Kb
 bounds [0x0000025e88700000, 0x0000025e88a50000, 0x0000025e8fc30000]
CodeHeap 'non-nmethods': size=5760Kb used=1335Kb max_used=1355Kb free=4424Kb
 bounds [0x0000025e88160000, 0x0000025e883d0000, 0x0000025e88700000]
 total_blobs=2306 nmethods=1796 adapters=422
 compilation: enabled
              stopped_count=0, restarted_count=0
 full_count=0

Compilation events (20 events):
Event: 4.402 Thread 0x0000025effdcfe00 1788       3       java.util.regex.Matcher::end (67 bytes)
Event: 4.404 Thread 0x0000025effdcfe00 nmethod 1788 0x0000025e88a3b010 code [0x0000025e88a3b280, 0x0000025e88a3bb08]
Event: 4.404 Thread 0x0000025effdcfe00 1789       3       com.google.common.base.CharMatcher$And::matches (28 bytes)
Event: 4.404 Thread 0x0000025effdcfe00 nmethod 1789 0x0000025e88a3be90 code [0x0000025e88a3c040, 0x0000025e88a3c398]
Event: 4.404 Thread 0x0000025effdcfe00 1790       3       com.google.common.base.CharMatcher$Negated::matches (17 bytes)
Event: 4.405 Thread 0x0000025effdcfe00 nmethod 1790 0x0000025e88a3c490 code [0x0000025e88a3c640, 0x0000025e88a3c888]
Event: 4.405 Thread 0x0000025effdcfe00 1791       3       java.util.stream.Sink$ChainedReference::<init> (16 bytes)
Event: 4.405 Thread 0x0000025effdcfe00 nmethod 1791 0x0000025e88a3c990 code [0x0000025e88a3cb60, 0x0000025e88a3cfa8]
Event: 4.405 Thread 0x0000025effdcfe00 1792   !   3       java.util.concurrent.ConcurrentHashMap::replaceNode (437 bytes)
Event: 4.408 Thread 0x0000025effdcfe00 nmethod 1792 0x0000025e88a3d110 code [0x0000025e88a3d4a0, 0x0000025e88a3f078]
Event: 4.408 Thread 0x0000025effdcfe00 1793       3       java.util.concurrent.ConcurrentHashMap::remove (8 bytes)
Event: 4.408 Thread 0x0000025effdcfe00 nmethod 1793 0x0000025e88a3fe90 code [0x0000025e88a40040, 0x0000025e88a40188]
Event: 4.408 Thread 0x0000025effdcfe00 1794       3       java.util.stream.Sink$ChainedReference::end (10 bytes)
Event: 4.409 Thread 0x0000025effdcfe00 nmethod 1794 0x0000025e88a40210 code [0x0000025e88a403c0, 0x0000025e88a40588]
Event: 4.410 Thread 0x0000025effdce440 1795       4       java.lang.String::replace (42 bytes)
Event: 4.429 Thread 0x0000025effdce440 nmethod 1795 0x0000025e8fcd2910 code [0x0000025e8fcd2aa0, 0x0000025e8fcd30b8]
Event: 4.434 Thread 0x0000025effdce440 1796       4       java.util.Arrays::copyOf (19 bytes)
Event: 4.437 Thread 0x0000025effdce440 nmethod 1796 0x0000025e8fcd3410 code [0x0000025e8fcd35a0, 0x0000025e8fcd3778]
Event: 4.446 Thread 0x0000025effdcfe00 1797       3       com.intellij.rt.execution.junit.MapSerializerUtil$1::escape (124 bytes)
Event: 4.447 Thread 0x0000025effdcfe00 nmethod 1797 0x0000025e88a40690 code [0x0000025e88a40840, 0x0000025e88a40b98]

GC Heap History (4 events):
Event: 1.773 GC heap before
{Heap before GC invocations=0 (full 0):
 garbage-first heap   total 194560K, used 22528K [0x0000000743600000, 0x0000000800000000)
  region size 2048K, 11 young (22528K), 0 survivors (0K)
 Metaspace       used 7565K, capacity 7721K, committed 7808K, reserved 1056768K
  class space    used 815K, capacity 846K, committed 896K, reserved 1048576K
}
Event: 1.778 GC heap after
{Heap after GC invocations=1 (full 0):
 garbage-first heap   total 194560K, used 4129K [0x0000000743600000, 0x0000000800000000)
  region size 2048K, 2 young (4096K), 2 survivors (4096K)
 Metaspace       used 7565K, capacity 7721K, committed 7808K, reserved 1056768K
  class space    used 815K, capacity 846K, committed 896K, reserved 1048576K
}
Event: 3.775 GC heap before
{Heap before GC invocations=1 (full 0):
 garbage-first heap   total 194560K, used 32801K [0x0000000743600000, 0x0000000800000000)
  region size 2048K, 16 young (32768K), 2 survivors (4096K)
 Metaspace       used 14023K, capacity 14302K, committed 14592K, reserved 1062912K
  class space    used 1606K, capacity 1690K, committed 1792K, reserved 1048576K
}
Event: 3.786 GC heap after
{Heap after GC invocations=2 (full 0):
 garbage-first heap   total 194560K, used 7021K [0x0000000743600000, 0x0000000800000000)
  region size 2048K, 2 young (4096K), 2 survivors (4096K)
 Metaspace       used 14023K, capacity 14302K, committed 14592K, reserved 1062912K
  class space    used 1606K, capacity 1690K, committed 1792K, reserved 1048576K
}

Deoptimization events (20 events):
Event: 3.523 Thread 0x0000025ef7f31fd0 Uncommon trap: trap_request=0xffffffde fr.pc=0x0000025e8fcc2598 relative=0x0000000000000798
Event: 3.523 Thread 0x0000025ef7f31fd0 Uncommon trap: reason=class_check action=maybe_recompile pc=0x0000025e8fcc2598 method=org.openqa.selenium.json.Input.init()V @ 18 c2
Event: 3.523 Thread 0x0000025ef7f31fd0 DEOPT PACKING pc=0x0000025e8fcc2598 sp=0x0000006b405fd010
Event: 3.523 Thread 0x0000025ef7f31fd0 DEOPT UNPACKING pc=0x0000025e8816852f sp=0x0000006b405fd018 mode 2
Event: 3.523 Thread 0x0000025ef7f31fd0 Uncommon trap: trap_request=0xffffffde fr.pc=0x0000025e8fcc2598 relative=0x0000000000000798
Event: 3.523 Thread 0x0000025ef7f31fd0 Uncommon trap: reason=class_check action=maybe_recompile pc=0x0000025e8fcc2598 method=org.openqa.selenium.json.Input.init()V @ 18 c2
Event: 3.523 Thread 0x0000025ef7f31fd0 DEOPT PACKING pc=0x0000025e8fcc2598 sp=0x0000006b405fcba0
Event: 3.523 Thread 0x0000025ef7f31fd0 DEOPT UNPACKING pc=0x0000025e8816852f sp=0x0000006b405fcba8 mode 2
Event: 3.523 Thread 0x0000025ef7f31fd0 Uncommon trap: trap_request=0xffffffde fr.pc=0x0000025e8fcc2598 relative=0x0000000000000798
Event: 3.523 Thread 0x0000025ef7f31fd0 Uncommon trap: reason=class_check action=maybe_recompile pc=0x0000025e8fcc2598 method=org.openqa.selenium.json.Input.init()V @ 18 c2
Event: 3.523 Thread 0x0000025ef7f31fd0 DEOPT PACKING pc=0x0000025e8fcc2598 sp=0x0000006b405fc5c0
Event: 3.523 Thread 0x0000025ef7f31fd0 DEOPT UNPACKING pc=0x0000025e8816852f sp=0x0000006b405fc5c8 mode 2
Event: 3.523 Thread 0x0000025ef7f31fd0 Uncommon trap: trap_request=0xffffffde fr.pc=0x0000025e8fcc2598 relative=0x0000000000000798
Event: 3.523 Thread 0x0000025ef7f31fd0 Uncommon trap: reason=class_check action=maybe_recompile pc=0x0000025e8fcc2598 method=org.openqa.selenium.json.Input.init()V @ 18 c2
Event: 3.523 Thread 0x0000025ef7f31fd0 DEOPT PACKING pc=0x0000025e8fcc2598 sp=0x0000006b405fc5c0
Event: 3.523 Thread 0x0000025ef7f31fd0 DEOPT UNPACKING pc=0x0000025e8816852f sp=0x0000006b405fc5c8 mode 2
Event: 3.626 Thread 0x0000025ef7f31fd0 Uncommon trap: trap_request=0xffffff45 fr.pc=0x0000025e8fcab678 relative=0x0000000000001158
Event: 3.626 Thread 0x0000025ef7f31fd0 Uncommon trap: reason=unstable_if action=reinterpret pc=0x0000025e8fcab678 method=java.util.concurrent.ConcurrentHashMap.putVal(Ljava/lang/Object;Ljava/lang/Object;Z)Ljava/lang/Object; @ 256 c2
Event: 3.626 Thread 0x0000025ef7f31fd0 DEOPT PACKING pc=0x0000025e8fcab678 sp=0x0000006b405fcc00
Event: 3.626 Thread 0x0000025ef7f31fd0 DEOPT UNPACKING pc=0x0000025e8816852f sp=0x0000006b405fcb98 mode 2

Classes unloaded (0 events):
No events

Classes redefined (3 events):
Event: 343.241 Thread 0x0000025effdaef00 redefined class name=com.sample.test.demo.tests.OrderPizzaTest, count=1
Event: 463.900 Thread 0x0000025effdaef00 redefined class name=com.sample.test.demo.tests.OrderPizzaTest, count=2
Event: 976.692 Thread 0x0000025effdaef00 redefined class name=com.sample.test.demo.tests.OrderPizzaTest, count=3

Internal exceptions (20 events):
Event: 2.339 Thread 0x0000025ef7f31fd0 Exception <a 'java/lang/NoSuchMethodError'{0x000000074e7e0988}: 'java.lang.Object java.lang.invoke.DirectMethodHandle$Holder.invokeInterface(java.lang.Object, java.lang.Object, java.lang.Object)'> (0x000000074e7e0988) 
thrown [./open/src/hotspot/share/interpreter/linkResolver.cpp, line 782]
Event: 2.340 Thread 0x0000025ef7f31fd0 Exception <a 'java/lang/IncompatibleClassChangeError'{0x000000074e7e46e8}: Found class java.lang.Object, but interface was expected> (0x000000074e7e46e8) 
thrown [./open/src/hotspot/share/interpreter/linkResolver.cpp, line 848]
Event: 2.342 Thread 0x0000025ef7f31fd0 Exception <a 'java/lang/NoSuchMethodError'{0x000000074e7eb4e0}: 'int java.lang.invoke.DirectMethodHandle$Holder.invokeSpecial(java.lang.Object, java.lang.Object, java.lang.Object)'> (0x000000074e7eb4e0) 
thrown [./open/src/hotspot/share/interpreter/linkResolver.cpp, line 782]
Event: 2.343 Thread 0x0000025ef7f31fd0 Exception <a 'java/lang/NoSuchMethodError'{0x000000074e7f2128}: 'int java.lang.invoke.DirectMethodHandle$Holder.invokeSpecialIFC(java.lang.Object, java.lang.Object, java.lang.Object, java.lang.Object)'> (0x000000074e7f2128) 
thrown [./open/src/hotspot/share/interpreter/linkResolver.cpp, line 782]
Event: 2.345 Thread 0x0000025ef7f31fd0 Exception <a 'java/lang/NoSuchMethodError'{0x000000074e7fabc0}: 'java.lang.Object java.lang.invoke.DirectMethodHandle$Holder.invokeInterface(java.lang.Object, java.lang.Object, java.lang.Object, java.lang.Object)'> (0x000000074e7fabc0) 
thrown [./open/src/hotspot/share/interpreter/linkResolver.cpp, line 782]
Event: 2.357 Thread 0x0000025ef7f31fd0 Exception <a 'java/lang/NoSuchMethodError'{0x000000074e42a300}: 'java.lang.Object java.lang.invoke.DirectMethodHandle$Holder.invokeVirtual(java.lang.Object, java.lang.Object, java.lang.Object)'> (0x000000074e42a300) 
thrown [./open/src/hotspot/share/interpreter/linkResolver.cpp, line 782]
Event: 2.373 Thread 0x0000025ef7f31fd0 Exception <a 'java/lang/NoSuchMethodError'{0x000000074e4bd640}: 'void java.lang.invoke.DirectMethodHandle$Holder.invokeInterface(java.lang.Object, java.lang.Object, java.lang.Object)'> (0x000000074e4bd640) 
thrown [./open/src/hotspot/share/interpreter/linkResolver.cpp, line 782]
Event: 2.394 Thread 0x0000025ef7f31fd0 Exception <a 'java/lang/NoSuchMethodError'{0x000000074e531e00}: 'int java.lang.invoke.DirectMethodHandle$Holder.invokeVirtual(java.lang.Object, java.lang.Object)'> (0x000000074e531e00) 
thrown [./open/src/hotspot/share/interpreter/linkResolver.cpp, line 782]
Event: 2.397 Thread 0x0000025ef7f31fd0 Exception <a 'java/lang/NoSuchMethodError'{0x000000074e5385f8}: 'double java.lang.invoke.DirectMethodHandle$Holder.invokeVirtual(java.lang.Object, java.lang.Object)'> (0x000000074e5385f8) 
thrown [./open/src/hotspot/share/interpreter/linkResolver.cpp, line 782]
Event: 2.399 Thread 0x0000025ef7f31fd0 Exception <a 'java/lang/NoSuchMethodError'{0x000000074e53f318}: 'float java.lang.invoke.DirectMethodHandle$Holder.invokeVirtual(java.lang.Object, java.lang.Object)'> (0x000000074e53f318) 
thrown [./open/src/hotspot/share/interpreter/linkResolver.cpp, line 782]
Event: 2.404 Thread 0x0000025ef7f31fd0 Exception <a 'java/lang/NoSuchMethodError'{0x000000074e548878}: 'long java.lang.invoke.DirectMethodHandle$Holder.invokeVirtual(java.lang.Object, java.lang.Object)'> (0x000000074e548878) 
thrown [./open/src/hotspot/share/interpreter/linkResolver.cpp, line 782]
Event: 2.416 Thread 0x0000025ef7f31fd0 Exception <a 'java/lang/NoSuchMethodError'{0x000000074e578410}: 'void java.lang.invoke.DirectMethodHandle$Holder.invokeStatic(java.lang.Object, java.lang.Object, java.lang.Object)'> (0x000000074e578410) 
thrown [./open/src/hotspot/share/interpreter/linkResolver.cpp, line 782]
Event: 2.482 Thread 0x0000025ef7f31fd0 Exception <a 'java/lang/NoSuchMethodError'{0x000000074e2cc7e8}: 'void java.lang.invoke.DirectMethodHandle$Holder.invokeSpecial(java.lang.Object, java.lang.Object, java.lang.Object, java.lang.Object, java.lang.Object)'> (0x000000074e2cc7e8) 
thrown [./open/src/hotspot/share/interpreter/linkResolver.cpp, line 782]
Event: 2.529 Thread 0x0000025ef7f31fd0 Exception <a 'java/lang/NoSuchMethodError'{0x000000074e3c1040}: 'java.lang.Object java.lang.invoke.DirectMethodHandle$Holder.newInvokeSpecial(java.lang.Object, java.lang.Object, java.lang.Object, java.lang.Object, java.lang.Object)'> (0x000000074e3c1040) 
thrown [./open/src/hotspot/share/interpreter/linkResolver.cpp, line 782]
Event: 2.576 Thread 0x0000025ef7f31fd0 Exception <a 'java/lang/NoSuchMethodError'{0x000000074e1026a8}: 'java.lang.Object java.lang.invoke.Invokers$Holder.invokeExact_MT(java.lang.Object, java.lang.Object, java.lang.Object, java.lang.Object, java.lang.Object, java.lang.Object)'> (0x000000074e1026a8) 
thrown [./open/src/hotspot/share/interpreter/linkResolver.cpp, line 782]
Event: 2.764 Thread 0x0000025ef7f31fd0 Exception <a 'java/lang/NoSuchMethodError'{0x000000074d9b82d0}: 'void java.lang.invoke.DirectMethodHandle$Holder.invokeStatic(java.lang.Object, java.lang.Object, java.lang.Object, java.lang.Object)'> (0x000000074d9b82d0) 
thrown [./open/src/hotspot/share/interpreter/linkResolver.cpp, line 782]
Event: 3.543 Thread 0x0000025ef7f31fd0 Exception <a 'java/lang/NoSuchMethodError'{0x000000074d7d9bd8}: 'java.lang.Object java.lang.invoke.DirectMethodHandle$Holder.invokeSpecialIFC(java.lang.Object, java.lang.Object, java.lang.Object)'> (0x000000074d7d9bd8) 
thrown [./open/src/hotspot/share/interpreter/linkResolver.cpp, line 782]
Event: 3.630 Thread 0x0000025ef7f31fd0 Exception <a 'java/lang/NoSuchMethodError'{0x000000074d4bbc38}: 'java.lang.Object java.lang.invoke.DirectMethodHandle$Holder.invokeStatic(java.lang.Object, int, java.lang.Object)'> (0x000000074d4bbc38) 
thrown [./open/src/hotspot/share/interpreter/linkResolver.cpp, line 782]
Event: 3.685 Thread 0x0000025ef7f31fd0 Exception <a 'java/lang/ClassNotFoundException'{0x000000074d50db88}: sun/util/logging/resources/spi/loggingProvider> (0x000000074d50db88) 
thrown [./open/src/hotspot/share/classfile/systemDictionary.cpp, line 295]
Event: 976.796 Thread 0x0000025e99ab8f80 Exception <a 'java/lang/LinkageError'{0x000000074f002470}> (0x000000074f002470) 
thrown [./open/src/hotspot/share/oops/generateOopMap.cpp, line 2137]

Events (20 events):
Event: 976.746 Executing VM operation: ChangeBreakpoints
Event: 976.746 Executing VM operation: ChangeBreakpoints done
Event: 976.769 Executing VM operation: ChangeBreakpoints
Event: 976.770 Executing VM operation: ChangeBreakpoints done
Event: 976.773 Executing VM operation: ChangeBreakpoints
Event: 976.774 Executing VM operation: ChangeBreakpoints done
Event: 976.776 Executing VM operation: ChangeBreakpoints
Event: 976.777 Executing VM operation: ChangeBreakpoints done
Event: 976.778 Executing VM operation: ChangeBreakpoints
Event: 976.778 Executing VM operation: ChangeBreakpoints done
Event: 976.779 Executing VM operation: ChangeBreakpoints
Event: 976.780 Executing VM operation: ChangeBreakpoints done
Event: 976.781 Executing VM operation: ChangeBreakpoints
Event: 976.782 Executing VM operation: ChangeBreakpoints done
Event: 976.783 Executing VM operation: GetFrameCount
Event: 976.783 Executing VM operation: GetFrameCount done
Event: 976.783 Executing VM operation: GetStackTrace
Event: 976.783 Executing VM operation: GetStackTrace done
Event: 976.795 Executing VM operation: GetFrameLocation
Event: 976.795 Executing VM operation: GetFrameLocation done


Dynamic libraries:
0x00007ff600420000 - 0x00007ff60042f000 	C:\Program Files\Java\jdk-15.0.2\bin\java.exe
0x00007ffb466f0000 - 0x00007ffb468e6000 	C:\windows\SYSTEM32\ntdll.dll
0x00007ffb460f0000 - 0x00007ffb461ad000 	C:\windows\System32\KERNEL32.DLL
0x00007ffb43e30000 - 0x00007ffb440f9000 	C:\windows\System32\KERNELBASE.dll
0x00007ffb44200000 - 0x00007ffb44300000 	C:\windows\System32\ucrtbase.dll
0x00007ffb3c8e0000 - 0x00007ffb3c8f8000 	C:\Program Files\Java\jdk-15.0.2\bin\jli.dll
0x00007ffb3c400000 - 0x00007ffb3c419000 	C:\Program Files\Java\jdk-15.0.2\bin\VCRUNTIME140.dll
0x00007ffb46230000 - 0x00007ffb462dc000 	C:\windows\System32\ADVAPI32.dll
0x00007ffb46340000 - 0x00007ffb463de000 	C:\windows\System32\msvcrt.dll
0x00007ffb45d90000 - 0x00007ffb45e2c000 	C:\windows\System32\sechost.dll
0x00007ffb45c60000 - 0x00007ffb45d8b000 	C:\windows\System32\RPCRT4.dll
0x00007ffb45e30000 - 0x00007ffb45fd0000 	C:\windows\System32\USER32.dll
0x00007ffb44300000 - 0x00007ffb44322000 	C:\windows\System32\win32u.dll
0x00007ffb45fd0000 - 0x00007ffb45ffa000 	C:\windows\System32\GDI32.dll
0x00007ffb27440000 - 0x00007ffb276db000 	C:\windows\WinSxS\amd64_microsoft.windows.common-controls_6595b64144ccf1df_6.0.19041.746_none_ca02b4b61b8320a4\COMCTL32.dll
0x00007ffb443e0000 - 0x00007ffb444eb000 	C:\windows\System32\gdi32full.dll
0x00007ffb446b0000 - 0x00007ffb4474d000 	C:\windows\System32\msvcp_win.dll
0x00007ffb3b5f0000 - 0x00007ffb3b5fa000 	C:\windows\SYSTEM32\VERSION.dll
0x00007ffb44c30000 - 0x00007ffb44c60000 	C:\windows\System32\IMM32.DLL
0x00007ffb3c910000 - 0x00007ffb3c91c000 	C:\Program Files\Java\jdk-15.0.2\bin\vcruntime140_1.dll
0x00007ffb3bf10000 - 0x00007ffb3bfa1000 	C:\Program Files\Java\jdk-15.0.2\bin\msvcp140.dll
0x00007ffb05dc0000 - 0x00007ffb0691e000 	C:\Program Files\Java\jdk-15.0.2\bin\server\jvm.dll
0x00007ffb46080000 - 0x00007ffb46088000 	C:\windows\System32\PSAPI.DLL
0x00007ffb2b4f0000 - 0x00007ffb2b517000 	C:\windows\SYSTEM32\WINMM.dll
0x00007ffb3acf0000 - 0x00007ffb3acf9000 	C:\windows\SYSTEM32\WSOCK32.dll
0x00007ffb44d20000 - 0x00007ffb44d8b000 	C:\windows\System32\WS2_32.dll
0x00007ffb42750000 - 0x00007ffb42762000 	C:\windows\SYSTEM32\kernel.appcore.dll
0x00007ffb3c8d0000 - 0x00007ffb3c8da000 	C:\Program Files\Java\jdk-15.0.2\bin\jimage.dll
0x00007ffb3ec30000 - 0x00007ffb3ee14000 	C:\windows\SYSTEM32\DBGHELP.DLL
0x00007ffb2cc60000 - 0x00007ffb2cc8c000 	C:\windows\SYSTEM32\dbgcore.DLL
0x00007ffb44130000 - 0x00007ffb441b0000 	C:\windows\System32\bcryptPrimitives.dll
0x00007ffb33460000 - 0x00007ffb33499000 	C:\Program Files\Java\jdk-15.0.2\bin\jdwp.dll
0x00007ffb3bef0000 - 0x00007ffb3befe000 	C:\Program Files\Java\jdk-15.0.2\bin\instrument.dll
0x00007ffb3c3d0000 - 0x00007ffb3c3f5000 	C:\Program Files\Java\jdk-15.0.2\bin\java.dll
0x00007ffb44f60000 - 0x00007ffb456a2000 	C:\windows\System32\SHELL32.dll
0x00007ffb3ee20000 - 0x00007ffb3f5b0000 	C:\windows\SYSTEM32\windows.storage.dll
0x00007ffb448d0000 - 0x00007ffb44c26000 	C:\windows\System32\combase.dll
0x00007ffb437c0000 - 0x00007ffb437ec000 	C:\windows\SYSTEM32\Wldp.dll
0x00007ffb44750000 - 0x00007ffb447fe000 	C:\windows\System32\SHCORE.dll
0x00007ffb462e0000 - 0x00007ffb46335000 	C:\windows\System32\shlwapi.dll
0x00007ffb43d60000 - 0x00007ffb43d86000 	C:\windows\SYSTEM32\profapi.dll
0x00007ffb3be80000 - 0x00007ffb3be8b000 	C:\Program Files\Java\jdk-15.0.2\bin\dt_socket.dll
0x00007ffb43230000 - 0x00007ffb4326b000 	C:\windows\SYSTEM32\IPHLPAPI.DLL
0x00007ffb43540000 - 0x00007ffb435aa000 	C:\windows\system32\mswsock.dll
0x00007ffb3c340000 - 0x00007ffb3c358000 	C:\Program Files\Java\jdk-15.0.2\bin\zip.dll
0x00007ffb3c3b0000 - 0x00007ffb3c3c9000 	C:\Program Files\Java\jdk-15.0.2\bin\net.dll
0x00007ffb34d50000 - 0x00007ffb34e50000 	C:\windows\SYSTEM32\WINHTTP.dll
0x00007ffb3c360000 - 0x00007ffb3c372000 	C:\Program Files\Java\jdk-15.0.2\bin\nio.dll
0x00007ffb43720000 - 0x00007ffb43738000 	C:\windows\SYSTEM32\CRYPTSP.dll
0x00007ffb42ee0000 - 0x00007ffb42f14000 	C:\windows\system32\rsaenh.dll
0x00007ffb44100000 - 0x00007ffb44127000 	C:\windows\System32\bcrypt.dll
0x00007ffb43d20000 - 0x00007ffb43d4e000 	C:\windows\SYSTEM32\USERENV.dll
0x00007ffb43710000 - 0x00007ffb4371c000 	C:\windows\SYSTEM32\CRYPTBASE.dll
0x00007ffb44d10000 - 0x00007ffb44d18000 	C:\windows\System32\NSI.dll
0x00007ffb39130000 - 0x00007ffb39147000 	C:\windows\SYSTEM32\dhcpcsvc6.DLL
0x00007ffb3a490000 - 0x00007ffb3a4ad000 	C:\windows\SYSTEM32\dhcpcsvc.DLL
0x00007ffb43270000 - 0x00007ffb4333b000 	C:\windows\SYSTEM32\DNSAPI.dll
0x00007ffb33de0000 - 0x00007ffb33dea000 	C:\Windows\System32\rasadhlp.dll
0x00007ffb2cb80000 - 0x00007ffb2cbff000 	C:\windows\System32\fwpuclnt.dll
0x00007ffb3bdd0000 - 0x00007ffb3bddd000 	C:\Program Files\Java\jdk-15.0.2\bin\sunmscapi.dll
0x00007ffb44550000 - 0x00007ffb446a6000 	C:\windows\System32\CRYPT32.dll
0x00007ffb43830000 - 0x00007ffb43857000 	C:\windows\SYSTEM32\ncrypt.dll
0x00007ffb437f0000 - 0x00007ffb4382b000 	C:\windows\SYSTEM32\NTASN1.dll
0x00007ffb3c3a0000 - 0x00007ffb3c3b0000 	C:\Program Files\Java\jdk-15.0.2\bin\verify.dll

dbghelp: loaded successfully - version: 4.0.5 - missing functions: none
symbol engine: initialized successfully - sym options: 0x614 - pdb path: .;C:\Program Files\Java\jdk-15.0.2\bin;C:\windows\SYSTEM32;C:\windows\WinSxS\amd64_microsoft.windows.common-controls_6595b64144ccf1df_6.0.19041.746_none_ca02b4b61b8320a4;C:\Program Files\Java\jdk-15.0.2\bin\server

VM Arguments:
jvm_args: -agentlib:jdwp=transport=dt_socket,address=127.0.0.1:53192,suspend=y,server=n -ea -Didea.test.cyclic.buffer.size=1048576 -javaagent:C:\Users\Chikki\AppData\Local\JetBrains\IntelliJIdea2020.3\captureAgent\debugger-agent.jar -Dfile.encoding=UTF-8 
java_command: com.intellij.rt.testng.RemoteTestNGStarter -usedefaultlisteners false -socket53191 @w@C:\Users\Chikki\AppData\Local\Temp\idea_working_dirs_testng1.tmp -temp C:\Users\Chikki\AppData\Local\Temp\idea_testng1.tmp
java_class_path (initial): C:\Program Files\JetBrains\IntelliJ IDEA 2020.3.1\lib\idea_rt.jar;C:\Program Files\JetBrains\IntelliJ IDEA 2020.3.1\plugins\testng\lib\testng-rt.jar;C:\Users\Chikki\Documents\SQEDemonstrationChallengeUIProject\target\test-classes;C:\Users\Chikki\Documents\SQEDemonstrationChallengeUIProject\target\classes;C:\Users\Chikki\.m2\repository\org\testng\testng\6.14.3\testng-6.14.3.jar;C:\Users\Chikki\.m2\repository\com\beust\jcommander\1.72\jcommander-1.72.jar;C:\Users\Chikki\.m2\repository\org\apache-extras\beanshell\bsh\2.0b6\bsh-2.0b6.jar;C:\Users\Chikki\.m2\repository\org\seleniumhq\selenium\selenium-java\3.141.59\selenium-java-3.141.59.jar;C:\Users\Chikki\.m2\repository\org\seleniumhq\selenium\selenium-api\3.141.59\selenium-api-3.141.59.jar;C:\Users\Chikki\.m2\repository\org\seleniumhq\selenium\selenium-chrome-driver\3.141.59\selenium-chrome-driver-3.141.59.jar;C:\Users\Chikki\.m2\repository\org\seleniumhq\selenium\selenium-edge-driver\3.141.59\selenium-edge-driver-3.141.59.jar;C:\Users\Chikki\.m2\repository\org\seleniumhq\selenium\selenium-firefox-driver\3.141.59\selenium-firefox-driver-3.141.59.jar;C:\Users\Chikki\.m2\repository\org\seleniumhq\selenium\selenium-ie-driver\3.141.59\selenium-ie-driver-3.141.59.jar;C:\Users\Chikki\.m2\repository\org\seleniumhq\selenium\selenium-opera-driver\3.141.59\selenium-opera-driver-3.141.59.jar;C:\Users\Chikki\.m2\repository\org\seleniumhq\selenium\selenium-remote-driver\3.141.59\selenium-remote-driver-3.141.59.jar;C:\Users\Chikki\.m2\repository\org\seleniumhq\selenium\selenium-safari-driver\3.141.59\selenium-safari-driver-3.141.59.jar;C:\Users\Chikki\.m2\repository\org\seleniumhq\selenium\selenium-support\3.141.59\selenium-support-3.141.59.jar;C:\Users\Chikki\.m2\repository\net\bytebuddy\byte-buddy\1.8.15\byte-buddy-1.8.15.jar;C:\Users\Chikki\.m2\repository\org\apache\commons\commons-exec\1.3\commons-exec-1.3.jar;C:\Users\Chikki\.m2\repository\com\google\guava\guava\25.0-jre\guava-25.0-jre.jar;C:\Users
Launcher Type: SUN_STANDARD

[Global flags]
     intx CICompilerCount                          = 4                                         {product} {ergonomic}
     uint ConcGCThreads                            = 2                                         {product} {ergonomic}
     uint G1ConcRefinementThreads                  = 8                                         {product} {ergonomic}
   size_t G1HeapRegionSize                         = 2097152                                   {product} {ergonomic}
    uintx GCDrainStackTargetSize                   = 64                                        {product} {ergonomic}
   size_t InitialHeapSize                          = 199229440                                 {product} {ergonomic}
   size_t MarkStackSize                            = 4194304                                   {product} {ergonomic}
   size_t MaxHeapSize                              = 3164602368                                {product} {ergonomic}
   size_t MaxNewSize                               = 1897922560                                {product} {ergonomic}
   size_t MinHeapDeltaBytes                        = 2097152                                   {product} {ergonomic}
   size_t MinHeapSize                              = 8388608                                   {product} {ergonomic}
    uintx NonNMethodCodeHeapSize                   = 5839372                                {pd product} {ergonomic}
    uintx NonProfiledCodeHeapSize                  = 122909434                              {pd product} {ergonomic}
    uintx ProfiledCodeHeapSize                     = 122909434                              {pd product} {ergonomic}
    uintx ReservedCodeCacheSize                    = 251658240                              {pd product} {ergonomic}
     bool SegmentedCodeCache                       = true                                      {product} {ergonomic}
   size_t SoftMaxHeapSize                          = 3164602368                             {manageable} {ergonomic}
     bool UseCompressedClassPointers               = true                                 {lp64_product} {ergonomic}
     bool UseCompressedOops                        = true                                 {lp64_product} {ergonomic}
     bool UseG1GC                                  = true                                      {product} {ergonomic}
     bool UseLargePagesIndividualAllocation        = false                                  {pd product} {ergonomic}

Logging:
Log output configuration:
 #0: stdout all=warning uptime,level,tags
 #1: stderr all=off uptime,level,tags

Environment Variables:
JAVA_HOME=C:\Program Files\Java\jdk-15.0.2
PATH=C:\Program Files\Common Files\Oracle\Java\javapath;C:\windows\system32;C:\windows;C:\windows\System32\Wbem;C:\windows\System32\WindowsPowerShell\v1.0\;C:\windows\System32\OpenSSH\;C:\Program Files\dotnet\;C:\Program Files\Microsoft SQL Server\130\Tools\Binn\;C:\Program Files\Microsoft SQL Server\Client SDK\ODBC\170\Tools\Binn\;C:\Program Files\Git\cmd;"C:\Program Files\Java\jdk-15.0.2\bin;";C:\Users\Chikki\Downloads\apache-maven-3.6.3-bin\apache-maven-3.6.3\bin;C:\Users\Chikki\Downloads\chromedriver;C:\Users\Chikki\AppData\Local\Microsoft\WindowsApps;C:\Users\Chikki\.dotnet\tools
USERNAME=Chikki
OS=Windows_NT
PROCESSOR_IDENTIFIER=Intel64 Family 6 Model 126 Stepping 5, GenuineIntel



---------------  S Y S T E M  ---------------

OS:
 Windows 10 , 64 bit Build 19041 (10.0.19041.804)
OS uptime: 8 days 15:38 hours

CPU: total 8 (initial active 8) (4 cores per cpu, 2 threads per core) family 6 model 126 stepping 5 microcode 0xa0, cmov, cx8, fxsr, mmx, sse, sse2, sse3, ssse3, sse4.1, sse4.2, popcnt, vzeroupper, avx, avx2, aes, clmul, erms, 3dnowpref, lzcnt, ht, tsc, tscinvbit, bmi1, bmi2, adx, avx512f, avx512dq, avx512cd, avx512bw, avx512vl, avx512_vpopcntdq, avx512_vpclmulqdq, avx512_vbmi, avx512_vbmi2, avx512_vaes, avx512_vnni, sha, fma, clflush, clflushopt

Memory: 4k page, system-wide physical 12065M (3393M free)
TotalPageFile size 17697M (AvailPageFile size 3412M)
current process WorkingSet (physical memory assigned to process): 101M, peak: 106M
current process commit charge ("private bytes"): 299M, peak: 304M

vm_info: Java HotSpot(TM) 64-Bit Server VM (15.0.2+7-27) for windows-amd64 JRE (15.0.2+7-27), built on Dec  7 2020 20:07:01 by "mach5one" with unknown MS VC++:1925

END.
